-------------------------------------------------------------------------------
Test set: TestSuite
-------------------------------------------------------------------------------
Tests run: 1, Failures: 1, Errors: 0, Skipped: 0, Time elapsed: 44.101 s <<< FAILURE! - in TestSuite
TC_0001(testCases.TC001)  Time elapsed: 33.798 s  <<< FAILURE!
java.lang.AssertionError: expected [true] but found [false]
	at testCases.TC001.TC_0001(TC001.java:37)

